Removed Pin From Net: NetName=GND Pin=C20-1
Removed Pin From Net: NetName=+5 Pin=C20-2
Removed Pin From Net: NetName=GND Pin=C21-1
Removed Pin From Net: NetName=+5 Pin=C21-2
Removed Pin From Net: NetName=+5 Pin=C22-2
Removed Pin From Net: NetName=VBUS Pin=F1-1
Removed Pin From Net: NetName=+5 Pin=F1-2
Removed Pin From Net: NetName=+5 Pin=R12-2
Removed Pin From Net: NetName=GND Pin=U6-1
Removed Pin From Net: NetName=+5 Pin=U6-3
Removed Pin From Net: NetName=GND Pin=U7-1
Removed Pin From Net: NetName=3V3 Pin=U7-2
Removed Pin From Net: NetName=3V3 Pin=U7-2
Removed Pin From Net: NetName=+5 Pin=U7-3
Removed Pin From Net: NetName=+5 Pin=U8-3
Added Component: Designator=C2(C 0603_L)
Add component (AddParameter): Name = "BOM名称"; Value = "无极性贴片电容"; VariantName = "[No Variations]"
Add component (AddParameter): Name = "学习资源"; Value = "www.ooocke.com"; VariantName = "[No Variations]"
Add component (AddParameter): Name = "材质"; Value = "X7R"; VariantName = "[No Variations]"
Add component (AddParameter): Name = "版权归属"; Value = "源创客"; VariantName = "[No Variations]"
Added Component: Designator=C6(C 0603_L)
Add component (AddParameter): Name = "BOM名称"; Value = "无极性贴片电容"; VariantName = "[No Variations]"
Add component (AddParameter): Name = "学习资源"; Value = "www.ooocke.com"; VariantName = "[No Variations]"
Add component (AddParameter): Name = "材质"; Value = "X7R"; VariantName = "[No Variations]"
Add component (AddParameter): Name = "版权归属"; Value = "源创客"; VariantName = "[No Variations]"
Added Component: Designator=L1(NR3015)
Add component (AddParameter): Name = "BOM名称"; Value = "NR磁胶电感"; VariantName = "[No Variations]"
Add component (AddParameter): Name = "学习资源"; Value = "www.ooocke.com"; VariantName = "[No Variations]"
Add component (AddParameter): Name = "版权归属"; Value = "源创客"; VariantName = "[No Variations]"
Added Component: Designator=R11(R 0603_L)
Add component (AddParameter): Name = "BOM名称"; Value = "贴片电阻"; VariantName = "[No Variations]"
Add component (AddParameter): Name = "学习资源"; Value = "www.ooocke.com"; VariantName = "[No Variations]"
Add component (AddParameter): Name = "版权归属"; Value = "源创客"; VariantName = "[No Variations]"
Added Component: Designator=R13(R 0603_L)
Add component (AddParameter): Name = "BOM名称"; Value = "贴片电阻"; VariantName = "[No Variations]"
Add component (AddParameter): Name = "学习资源"; Value = "www.ooocke.com"; VariantName = "[No Variations]"
Add component (AddParameter): Name = "版权归属"; Value = "源创客"; VariantName = "[No Variations]"
Added Component: Designator=R16(R 0603_L)
Add component (AddParameter): Name = "BOM名称"; Value = "贴片电阻"; VariantName = "[No Variations]"
Add component (AddParameter): Name = "学习资源"; Value = "www.ooocke.com"; VariantName = "[No Variations]"
Add component (AddParameter): Name = "版权归属"; Value = "源创客"; VariantName = "[No Variations]"
Added Component: Designator=R17(R 0603_L)
Add component (AddParameter): Name = "BOM名称"; Value = "贴片电阻"; VariantName = "[No Variations]"
Add component (AddParameter): Name = "学习资源"; Value = "www.ooocke.com"; VariantName = "[No Variations]"
Add component (AddParameter): Name = "版权归属"; Value = "源创客"; VariantName = "[No Variations]"
Added Component: Designator=U5(SOT23-8L)
Added Pin To Net: NetName=GND Pin=C2-1
Added Pin To Net: NetName=VBUS Pin=C2-2
Added Pin To Net: NetName=GND Pin=C6-1
Added Pin To Net: NetName=VBUS Pin=C22-2
Added Pin To Net: NetName=3V3 Pin=C25-1
Added Pin To Net: NetName=3V3 Pin=F1-2
Added Pin To Net: NetName=3V3 Pin=M1-8
Added Pin To Net: NetName=3V3 Pin=R4-1
Added Pin To Net: NetName=VBUS Pin=R11-1
Added Pin To Net: NetName=3V3 Pin=R12-2
Added Pin To Net: NetName=GND Pin=R17-2
Added Pin To Net: NetName=3V3 Pin=R18-1
Added Pin To Net: NetName=3V3 Pin=R19-1
Added Pin To Net: NetName=VBUS Pin=U5-2
Added Pin To Net: NetName=GND Pin=U5-4
Added Pin To Net: NetName=VBUS Pin=U8-3
Change Net Color : Old Net Color=RGB(158, 161, 117) New Net Color=Default
Change Net Color : Old Net Color=RGB(158, 161, 117) New Net Color=Default
Change Net Color : Old Net Color=RGB(158, 161, 117) New Net Color=Default
Change Net Color : Old Net Color=RGB(158, 161, 117) New Net Color=Default
Change Net Color : Old Net Color=RGB(158, 161, 117) New Net Color=Default
Change Net Color : Old Net Color=RGB(158, 161, 117) New Net Color=Default
Change Net Color : Old Net Color=RGB(158, 161, 117) New Net Color=Default
Change Net Color : Old Net Color=RGB(158, 161, 117) New Net Color=Default
Added Pin To Net: NetName=NetC6_2 Pin=C6-2
Added Pin To Net: NetName=NetC6_2 Pin=F1-1
Added Pin To Net: NetName=NetC6_2 Pin=L1-2
Added Pin To Net: NetName=NetC6_2 Pin=R13-1
Added Pin To Net: NetName=NetC6_2 Pin=U5-5
Added Net: Name=NetC6_2
Added Pin To Net: NetName=NetL1_1 Pin=L1-1
Added Pin To Net: NetName=NetL1_1 Pin=U5-3
Added Net: Name=NetL1_1
Added Pin To Net: NetName=NetR11_2 Pin=R11-2
Added Pin To Net: NetName=NetR11_2 Pin=U5-1
Added Pin To Net: NetName=NetR11_2 Pin=U5-8
Added Net: Name=NetR11_2
Added Pin To Net: NetName=NetR13_2 Pin=R13-2
Added Pin To Net: NetName=NetR13_2 Pin=R16-1
Added Pin To Net: NetName=NetR13_2 Pin=U5-7
Added Net: Name=NetR13_2
Added Pin To Net: NetName=NetR16_2 Pin=R16-2
Added Pin To Net: NetName=NetR16_2 Pin=R17-1
Added Pin To Net: NetName=NetR16_2 Pin=U5-6
Added Net: Name=NetR16_2
