Change Component Designator: Old Designator=BAT? New Designator=BAT1
Change Component Designator: Old Designator=C? New Designator=C23
Change Component Designator: Old Designator=C? New Designator=C24
Change Component Designator: Old Designator=C? New Designator=C25
Change Component Designator: Old Designator=C? New Designator=C26
Change Component Designator: Old Designator=C? New Designator=C27
Change Component Designator: Old Designator=C? New Designator=C28
Change Component Designator: Old Designator=C? New Designator=C29
Change Component Designator: Old Designator=C? New Designator=C30
Change Component Designator: Old Designator=C? New Designator=C31
Change Component Designator: Old Designator=C? New Designator=C32
Change Component Designator: Old Designator=C? New Designator=C33
Change Component Designator: Old Designator=C? New Designator=C34
Change Component Designator: Old Designator=C? New Designator=C35
Change Component Designator: Old Designator=C? New Designator=C36
Change Component Designator: Old Designator=C? New Designator=C37
Change Component Designator: Old Designator=C? New Designator=C38
Change Component Designator: Old Designator=CON? New Designator=CON1
Change Component Designator: Old Designator=D? New Designator=D3
Change Component Designator: Old Designator=D? New Designator=D4
Change Component Designator: Old Designator=E? New Designator=E3
Change Component Designator: Old Designator=IC? New Designator=IC1
Change Component Designator: Old Designator=IR? New Designator=IR1
Change Component Designator: Old Designator=J? New Designator=J1
Change Component Designator: Old Designator=K? New Designator=K3
Change Component Designator: Old Designator=K? New Designator=K4
Change Component Designator: Old Designator=K? New Designator=K5
Change Component Designator: Old Designator=K? New Designator=K6
Change Component Designator: Old Designator=K? New Designator=K7
Change Component Designator: Old Designator=K? New Designator=K8
Change Component Designator: Old Designator=LED? New Designator=LED4
Change Component Designator: Old Designator=LED? New Designator=LED5
Change Component Designator: Old Designator=LED? New Designator=LED6
Change Component Designator: Old Designator=LED? New Designator=LED7
Change Component Designator: Old Designator=LS? New Designator=LS1
Change Component Designator: Old Designator=M? New Designator=M1
Change Component Designator: Old Designator=Q? New Designator=Q2
Change Component Designator: Old Designator=Q? New Designator=Q3
Change Component Designator: Old Designator=Q? New Designator=Q4
Change Component Designator: Old Designator=R? New Designator=R14
Change Component Designator: Old Designator=R? New Designator=R15
Change Component Designator: Old Designator=R? New Designator=R16
Change Component Designator: Old Designator=R? New Designator=R17
Change Component Designator: Old Designator=R? New Designator=R18
Change Component Designator: Old Designator=R? New Designator=R19
Change Component Designator: Old Designator=R? New Designator=R20
Change Component Designator: Old Designator=R? New Designator=R21
Change Component Designator: Old Designator=R? New Designator=R23
Change Component Designator: Old Designator=R? New Designator=R24
Change Component Designator: Old Designator=R? New Designator=R25
Change Component Designator: Old Designator=R? New Designator=R26
Change Component Designator: Old Designator=R? New Designator=R27
Change Component Designator: Old Designator=R? New Designator=R28
Change Component Designator: Old Designator=R? New Designator=R29
Change Component Designator: Old Designator=R? New Designator=R30
Change Component Designator: Old Designator=R? New Designator=R31
Change Component Designator: Old Designator=R? New Designator=R32
Change Component Designator: Old Designator=R? New Designator=R33
Change Component Designator: Old Designator=RG? New Designator=RG1
Change Component Designator: Old Designator=RP? New Designator=RP1
Change Component Designator: Old Designator=RP? New Designator=RP2
Change Component Designator: Old Designator=RP? New Designator=RP3
Change Component Designator: Old Designator=SCREEN? New Designator=SCREEN1
Change Component Designator: Old Designator=U? New Designator=U9
Change Component Designator: Old Designator=U? New Designator=U10
Change Component Designator: Old Designator=U? New Designator=U11
Change Component Designator: Old Designator=u? New Designator=u12
Change Component Designator: Old Designator=X? New Designator=X2
