Remove Pin=BAT£¿1-1 From Net=BAT+
Remove Pin=BAT£¿1-2 From Net=BAT+
Remove Pin=BAT£¿1-3 From Net=B2-
Remove Pin=JP1-1 From Net=BAT+
Remove Pin=JP1-2 From Net=B1-
Remove Pin=JP2-1 From Net=HIGH_TRIG
Remove Pin=JP2-2 From Net=LOW_TRIG
Remove Pin=JP2-3 From Net=BEEPER
Remove Pin=JP2-4 From Net=ADC_RES
Remove Pin=JP2-5 From Net=ADC_LIGHT
Remove Pin=JP2-6 From Net=ADC_TEMP
Remove Pin=JP3-1 From Net=GPIO0
Remove Pin=JP3-2 From Net=GPIO15
Remove Pin=JP3-3 From Net=GPIO1
Remove Pin=JP3-4 From Net=GPIO16
Remove Pin=JP3-5 From Net=GPIO2
Remove Pin=JP3-6 From Net=GPIO17
Remove Pin=JP3-7 From Net=GPIO3
Remove Pin=JP3-8 From Net=GPIO18
Remove Pin=JP3-9 From Net=GPIO4
Remove Pin=JP3-10 From Net=GPIO19
Remove Pin=JP3-11 From Net=GPIO5
Remove Pin=JP3-12 From Net=GPIO20
Remove Pin=JP3-13 From Net=GPIO6
Remove Pin=JP3-14 From Net=GPIO21
Remove Pin=JP3-15 From Net=GPIO7
Remove Pin=JP3-16 From Net=GPIO22
Remove Pin=JP3-17 From Net=GPIO8
Remove Pin=JP3-18 From Net=GPIO23
Remove Pin=JP3-19 From Net=GPIO9
Remove Pin=JP3-20 From Net=GPIO24
Remove Pin=JP3-21 From Net=GPIO10
Remove Pin=JP3-22 From Net=GPIO25
Remove Pin=JP3-23 From Net=GPIO11
Remove Pin=JP3-24 From Net=GPIO26
Remove Pin=JP3-25 From Net=GPIO12
Remove Pin=JP3-26 From Net=GPIO27
Remove Pin=JP3-27 From Net=GPIO13
Remove Pin=JP3-28 From Net=GPIO28
Remove Pin=JP3-29 From Net=GPIO14
Remove Pin=JP3-30 From Net=GPIO29
Remove Pin=JP4-2 From Net=RUN
Remove Pin=JP4-3 From Net=SWDIO
Remove Pin=JP4-4 From Net=SWCLK
Remove Pin=K1-1 From Net=HIGH_TRIG
Remove Pin=K2-1 From Net=LOW_TRIG
Remove Pin=Q1-D From Net=5VOUT
Remove Pin=R1-1 From Net=D_P
Remove Pin=R2-1 From Net=D_N
Remove Pin=R4-2 From Net=BAT+
Remove Pin=R12-1 From Net=BEEPER
Remove Pin=RP1-2 From Net=ADC_RES
Remove Pin=U5-2 From Net=GPIO0
Remove Pin=U5-3 From Net=GPIO1
Remove Pin=U5-4 From Net=GPIO2
Remove Pin=U5-5 From Net=GPIO3
Remove Pin=U5-6 From Net=GPIO4
Remove Pin=U5-7 From Net=GPIO5
Remove Pin=U5-8 From Net=GPIO6
Remove Pin=U5-9 From Net=GPIO7
Remove Pin=U5-11 From Net=GPIO8
Remove Pin=U5-12 From Net=GPIO9
Remove Pin=U5-13 From Net=GPIO10
Remove Pin=U5-14 From Net=GPIO11
Remove Pin=U5-15 From Net=GPIO12
Remove Pin=U5-16 From Net=GPIO13
Remove Pin=U5-17 From Net=GPIO14
Remove Pin=U5-18 From Net=GPIO15
Remove Pin=U5-20 From Net=X2
Remove Pin=U5-21 From Net=X1
Remove Pin=U5-24 From Net=SWCLK
Remove Pin=U5-25 From Net=SWDIO
Remove Pin=U5-27 From Net=GPIO16
Remove Pin=U5-28 From Net=GPIO17
Remove Pin=U5-29 From Net=GPIO18
Remove Pin=U5-30 From Net=GPIO19
Remove Pin=U5-31 From Net=GPIO20
Remove Pin=U5-32 From Net=GPIO21
Remove Pin=U5-34 From Net=GPIO22
Remove Pin=U5-35 From Net=GPIO23
Remove Pin=U5-36 From Net=GPIO24
Remove Pin=U5-37 From Net=GPIO25
Remove Pin=U5-38 From Net=GPIO26
Remove Pin=U5-39 From Net=GPIO27
Remove Pin=U5-40 From Net=GPIO28
Remove Pin=U5-41 From Net=GPIO29
Remove Pin=U5-46 From Net=D_N
Remove Pin=U5-47 From Net=D_P
Remove Pin=U5-51 From Net=QSPI_SD3
Remove Pin=U5-52 From Net=QSPI_SCLK
Remove Pin=U5-53 From Net=QSPI_SD0
Remove Pin=U5-54 From Net=QSPI_SD2
Remove Pin=U5-55 From Net=QSPI_SD1
Remove Pin=U5-56 From Net=QSPI_SS
Remove Pin=U6-2 From Net=QSPI_SD1
Remove Pin=U6-3 From Net=QSPI_SD2
Remove Pin=U6-5 From Net=QSPI_SD0
Remove Pin=U6-6 From Net=QSPI_SCLK
Remove Pin=U6-7 From Net=QSPI_SD3
