Removed Pin From Net: NetName=GND Pin=C?-1
Removed Pin From Net: NetName=VCC Pin=C?-2
Removed Pin From Net: NetName=GND Pin=D?-A
Removed Pin From Net: NetName=VCC Pin=L?-2
Removed Pin From Net: NetName=GND Pin=U?-4
Removed Member From Class: ClassName=Sheet1 Member=D?
Removed Member From Class: ClassName=Sheet1 Member=L?
Change Component Designator: OldDesignator=C? NewDesignator=C1
Change Component Designator: OldDesignator=C? NewDesignator=C2
Change Component Designator: OldDesignator=C? NewDesignator=C3
Change Component Designator: OldDesignator=C? NewDesignator=C4
Change Component Designator: OldDesignator=C? NewDesignator=C5
Change Component Designator: OldDesignator=C? NewDesignator=C6
Change Component Designator: OldDesignator=C? NewDesignator=C7
Change Component Designator: OldDesignator=C? NewDesignator=C8
Change Component Designator: OldDesignator=C? NewDesignator=C9
Change Component Designator: OldDesignator=C? NewDesignator=C10
Change Component Designator: OldDesignator=C? NewDesignator=C11
Change Component Designator: OldDesignator=C? NewDesignator=C16
Change Component Designator: OldDesignator=R? NewDesignator=R1
Change Component Designator: OldDesignator=R? NewDesignator=R2
Change Component Designator: OldDesignator=U? NewDesignator=U2
Change Component Designator: OldDesignator=U? NewDesignator=U3
Added Component: Designator=BAT？(18650两节电池盒)
Added Component: Designator=C12(0603C)
Added Component: Designator=C13(0603C)
Added Component: Designator=C14(0603C)
Added Component: Designator=C15(0603C)
Added Component: Designator=C17(0603C)
Added Component: Designator=C18(0603C)
Added Component: Designator=C19(0603C)
Added Component: Designator=C20(0603C)
Added Component: Designator=C21(0603C)
Added Component: Designator=C22(0603C)
Added Component: Designator=C23(0603C)
Added Component: Designator=C24(0603C)
Added Component: Designator=D1(LED3-RED)
Added Component: Designator=F1(FUSE-1210)
Added Component: Designator=IR1(IRM-3638T)
Added Component: Designator=JP1(贴片排针2*15)
Add component (AddParameter): Name = "BOM名称"; Value = "15*2P接插件"; VariantName = "[No Variations]"
Add component (AddParameter): Name = "学习资源"; Value = "www.ooocke.com"; VariantName = "[No Variations]"
Add component (AddParameter): Name = "版权归属"; Value = "源创客"; VariantName = "[No Variations]"
Added Component: Designator=K1(轻触按键)
Added Component: Designator=K2(轻触按键)
Added Component: Designator=K3(轻触按键)
Added Component: Designator=K4(轻触按键)
Added Component: Designator=K5(轻触按键)
Added Component: Designator=K6(轻触按键)
Added Component: Designator=LED1(LED 1206W)
Add component (AddParameter): Name = "BOM名称"; Value = "贴片LED"; VariantName = "[No Variations]"
Add component (AddParameter): Name = "学习资源"; Value = "www.ooocke.com"; VariantName = "[No Variations]"
Add component (AddParameter): Name = "版权归属"; Value = "源创客"; VariantName = "[No Variations]"
Added Component: Designator=LED2(LED 1206W)
Add component (AddParameter): Name = "BOM名称"; Value = "贴片LED"; VariantName = "[No Variations]"
Add component (AddParameter): Name = "学习资源"; Value = "www.ooocke.com"; VariantName = "[No Variations]"
Add component (AddParameter): Name = "版权归属"; Value = "源创客"; VariantName = "[No Variations]"
Added Component: Designator=LED3(LED 1206W)
Add component (AddParameter): Name = "BOM名称"; Value = "贴片LED"; VariantName = "[No Variations]"
Add component (AddParameter): Name = "学习资源"; Value = "www.ooocke.com"; VariantName = "[No Variations]"
Add component (AddParameter): Name = "版权归属"; Value = "源创客"; VariantName = "[No Variations]"
Added Component: Designator=LED4(LED 1206W)
Add component (AddParameter): Name = "BOM名称"; Value = "贴片LED"; VariantName = "[No Variations]"
Add component (AddParameter): Name = "学习资源"; Value = "www.ooocke.com"; VariantName = "[No Variations]"
Add component (AddParameter): Name = "版权归属"; Value = "源创客"; VariantName = "[No Variations]"
Added Component: Designator=LED5(LED 0603G)
Add component (AddParameter): Name = "BOM名称"; Value = "贴片LED"; VariantName = "[No Variations]"
Add component (AddParameter): Name = "学习资源"; Value = "www.ooocke.com"; VariantName = "[No Variations]"
Add component (AddParameter): Name = "版权归属"; Value = "源创客"; VariantName = "[No Variations]"
Added Component: Designator=LED6(LED 0603R)
Add component (AddParameter): Name = "BOM名称"; Value = "贴片LED"; VariantName = "[No Variations]"
Add component (AddParameter): Name = "学习资源"; Value = "www.ooocke.com"; VariantName = "[No Variations]"
Add component (AddParameter): Name = "版权归属"; Value = "源创客"; VariantName = "[No Variations]"
Added Component: Designator=M1(ESP_12)
Add component (AddParameter): Name = "BOM名称"; Value = "WIFI模块"; VariantName = "[No Variations]"
Add component (AddParameter): Name = "学习资源"; Value = "www.ooocke.com"; VariantName = "[No Variations]"
Add component (AddParameter): Name = "版权归属"; Value = "源创客"; VariantName = "[No Variations]"
Added Component: Designator=Q1(SOT23)
Added Component: Designator=R3(0603R)
Added Component: Designator=R4(0603R)
Added Component: Designator=R5(0603R)
Added Component: Designator=R6(0603R)
Added Component: Designator=R7(0603R)
Added Component: Designator=R8(0603R)
Added Component: Designator=R9(0603R)
Added Component: Designator=R10(0603R)
Added Component: Designator=R11(0603R)
Added Component: Designator=R12(0603R)
Added Component: Designator=RG1(Photoresistor)
Added Component: Designator=RP1(RCA-8P4R-0603)
Add component (AddParameter): Name = "BOM名称"; Value = "贴片网络排阻"; VariantName = "[No Variations]"
Add component (AddParameter): Name = "学习资源"; Value = "www.ooocke.com"; VariantName = "[No Variations]"
Add component (AddParameter): Name = "版权归属"; Value = "源创客"; VariantName = "[No Variations]"
Added Component: Designator=RP2(RCA-8P4R-0603)
Add component (AddParameter): Name = "BOM名称"; Value = "贴片网络排阻"; VariantName = "[No Variations]"
Add component (AddParameter): Name = "学习资源"; Value = "www.ooocke.com"; VariantName = "[No Variations]"
Add component (AddParameter): Name = "版权归属"; Value = "源创客"; VariantName = "[No Variations]"
Added Component: Designator=TP1(TEST_POINT)
Added Component: Designator=TP2(TEST_POINT)
Added Component: Designator=TYPEC1(TYPEC-16P)
Added Component: Designator=U1(SOT89)
Added Component: Designator=U4(SOT23-5)
Added Component: Designator=U5(SOP8)
Added Component: Designator=U6(SOT23-6)
Added Component: Designator=U7(ESOP8)
Added Component: Designator=u8(QFN24 4x4)
Added Component: Designator=U9(SOT23-6)
Added Component: Designator=X1(OSC 3225-4P)
Added Pin To Net: NetName=GND Pin=C12-1
Added Pin To Net: NetName=GND Pin=C13-1
Added Pin To Net: NetName=GND Pin=C14-1
Added Pin To Net: NetName=GND Pin=C15-1
Added Pin To Net: NetName=GND Pin=C17-1
Added Pin To Net: NetName=VCC Pin=C17-2
Added Pin To Net: NetName=GND Pin=C20-1
Added Pin To Net: NetName=GND Pin=C21-2
Added Pin To Net: NetName=GND Pin=C22-2
Added Pin To Net: NetName=GND Pin=C23-1
Added Pin To Net: NetName=VCC Pin=C23-2
Added Pin To Net: NetName=GND Pin=C24-2
Added Pin To Net: NetName=GND Pin=D1-K
Added Pin To Net: NetName=GND Pin=F1-2
Added Pin To Net: NetName=GND Pin=IR1-2
Added Pin To Net: NetName=VCC Pin=IR1-3
Added Pin To Net: NetName=GND Pin=K2-1
Added Pin To Net: NetName=GND Pin=Q1-S
Added Pin To Net: NetName=VCC Pin=R3-2
Added Pin To Net: NetName=VCC Pin=R4-2
Added Pin To Net: NetName=GND Pin=R5-2
Added Pin To Net: NetName=GND Pin=R9-1
Added Pin To Net: NetName=VCC Pin=RG1-1
Added Pin To Net: NetName=GND Pin=RP1-5
Added Pin To Net: NetName=GND Pin=RP1-6
Added Pin To Net: NetName=GND Pin=RP1-7
Added Pin To Net: NetName=GND Pin=RP1-8
Added Pin To Net: NetName=GND Pin=TYPEC1-A1B12
Added Pin To Net: NetName=D+ Pin=TYPEC1-A6
Added Pin To Net: NetName=D- Pin=TYPEC1-A7
Added Pin To Net: NetName=GND Pin=TYPEC1-A12B1
Added Pin To Net: NetName=D+ Pin=TYPEC1-B6
Added Pin To Net: NetName=D- Pin=TYPEC1-B7
Added Pin To Net: NetName=GND Pin=U1-1
Added Pin To Net: NetName=VCC Pin=U1-2
Added Pin To Net: NetName=VCC Pin=U1-2
Added Pin To Net: NetName=GND Pin=U2-19
Added Pin To Net: NetName=VCC Pin=U2-56
Added Pin To Net: NetName=GND Pin=U2-57
Added Pin To Net: NetName=VCC Pin=U3-1
Added Pin To Net: NetName=GND Pin=U4-2
Added Pin To Net: NetName=VCC Pin=U4-5
Added Pin To Net: NetName=GND Pin=U5-1
Added Pin To Net: NetName=GND Pin=U5-2
Added Pin To Net: NetName=GND Pin=U5-3
Added Pin To Net: NetName=GND Pin=U5-4
Added Pin To Net: NetName=VCC Pin=U5-8
Added Pin To Net: NetName=GND Pin=U7-1
Added Pin To Net: NetName=GND Pin=U7-3
Added Pin To Net: NetName=GND Pin=u8-1
Added Pin To Net: NetName=VCC Pin=u8-8
Added Pin To Net: NetName=GND Pin=u8-9
Added Pin To Net: NetName=GND Pin=u8-11
Added Pin To Net: NetName=GND Pin=u8-18
Added Pin To Net: NetName=GND Pin=X1-2
Added Pin To Net: NetName=GND Pin=X1-4
Change Net Name : Old Net Name=VCC New Net Name=QSPI_SS
Added Pin To Net: NetName=+5 Pin=C12-2
Added Pin To Net: NetName=+5 Pin=C21-1
Added Pin To Net: NetName=+5 Pin=R8-2
Added Pin To Net: NetName=+5 Pin=TYPEC1-A4B9
Added Pin To Net: NetName=+5 Pin=TYPEC1-A9B4
Added Pin To Net: NetName=+5 Pin=U1-3
Added Pin To Net: NetName=+5 Pin=U7-4
Added Pin To Net: NetName=+5 Pin=U7-8
Added Net: Name=+5
Added Pin To Net: NetName=B1- Pin=BAT？-4
Added Pin To Net: NetName=B1- Pin=C18-1
Added Pin To Net: NetName=B1- Pin=C19-1
Added Pin To Net: NetName=B1- Pin=U6-3
Added Pin To Net: NetName=B1- Pin=U6-6
Added Pin To Net: NetName=B1- Pin=U9-3
Added Pin To Net: NetName=B1- Pin=U9-6
Added Net: Name=B1-
Added Pin To Net: NetName=B2- Pin=BAT？-3
Added Net: Name=B2-
Added Pin To Net: NetName=BAT+ Pin=BAT？-1
Added Pin To Net: NetName=BAT+ Pin=BAT？-2
Added Pin To Net: NetName=BAT+ Pin=LED1-1
Added Pin To Net: NetName=BAT+ Pin=LED2-1
Added Pin To Net: NetName=BAT+ Pin=LED3-1
Added Pin To Net: NetName=BAT+ Pin=LED4-1
Added Pin To Net: NetName=BAT+ Pin=R7-2
Added Pin To Net: NetName=BAT+ Pin=R12-2
Added Pin To Net: NetName=BAT+ Pin=TP1-1
Added Pin To Net: NetName=BAT+ Pin=U4-1
Added Pin To Net: NetName=BAT+ Pin=U4-3
Added Pin To Net: NetName=BAT+ Pin=U7-5
Added Net: Name=BAT+
Added Pin To Net: NetName=BAT- Pin=F1-1
Added Pin To Net: NetName=BAT- Pin=R6-2
Added Pin To Net: NetName=BAT- Pin=R10-2
Added Pin To Net: NetName=BAT- Pin=TP2-1
Added Pin To Net: NetName=BAT- Pin=U6-2
Added Pin To Net: NetName=BAT- Pin=U9-2
Added Net: Name=BAT-
Added Pin To Net: NetName=BOOTSEL Pin=R4-1
Added Net: Name=BOOTSEL
Added Pin To Net: NetName=GPIO0 Pin=JP1-1
Added Pin To Net: NetName=GPIO0 Pin=K3-1
Added Pin To Net: NetName=GPIO0 Pin=U2-2
Added Net: Name=GPIO0
Added Pin To Net: NetName=GPIO1 Pin=JP1-3
Added Pin To Net: NetName=GPIO1 Pin=K4-1
Added Pin To Net: NetName=GPIO1 Pin=U2-3
Added Net: Name=GPIO1
Added Pin To Net: NetName=GPIO2 Pin=JP1-5
Added Pin To Net: NetName=GPIO2 Pin=K5-1
Added Pin To Net: NetName=GPIO2 Pin=U2-4
Added Net: Name=GPIO2
Added Pin To Net: NetName=GPIO3 Pin=JP1-7
Added Pin To Net: NetName=GPIO3 Pin=K6-1
Added Pin To Net: NetName=GPIO3 Pin=U2-5
Added Net: Name=GPIO3
Added Pin To Net: NetName=GPIO4 Pin=JP1-9
Added Pin To Net: NetName=GPIO4 Pin=U2-6
Added Net: Name=GPIO4
Added Pin To Net: NetName=GPIO5 Pin=JP1-11
Added Pin To Net: NetName=GPIO5 Pin=U2-7
Added Net: Name=GPIO5
Added Pin To Net: NetName=GPIO6 Pin=JP1-13
Added Pin To Net: NetName=GPIO6 Pin=U2-8
Added Net: Name=GPIO6
Added Pin To Net: NetName=GPIO7 Pin=JP1-15
Added Pin To Net: NetName=GPIO7 Pin=U2-9
Added Net: Name=GPIO7
Added Pin To Net: NetName=GPIO8 Pin=JP1-17
Added Pin To Net: NetName=GPIO8 Pin=U2-11
Added Net: Name=GPIO8
Added Pin To Net: NetName=GPIO9 Pin=JP1-19
Added Pin To Net: NetName=GPIO9 Pin=U2-12
Added Net: Name=GPIO9
Added Pin To Net: NetName=GPIO10 Pin=JP1-21
Added Pin To Net: NetName=GPIO10 Pin=U2-13
Added Net: Name=GPIO10
Added Pin To Net: NetName=GPIO11 Pin=JP1-23
Added Pin To Net: NetName=GPIO11 Pin=U2-14
Added Net: Name=GPIO11
Added Pin To Net: NetName=GPIO12 Pin=JP1-25
Added Pin To Net: NetName=GPIO12 Pin=U2-15
Added Net: Name=GPIO12
Added Pin To Net: NetName=GPIO13 Pin=JP1-27
Added Pin To Net: NetName=GPIO13 Pin=U2-16
Added Net: Name=GPIO13
Added Pin To Net: NetName=GPIO14 Pin=JP1-29
Added Pin To Net: NetName=GPIO14 Pin=U2-17
Added Net: Name=GPIO14
Added Pin To Net: NetName=GPIO15 Pin=JP1-2
Added Pin To Net: NetName=GPIO15 Pin=U2-18
Added Net: Name=GPIO15
Added Pin To Net: NetName=GPIO16 Pin=JP1-4
Added Pin To Net: NetName=GPIO16 Pin=U2-27
Added Net: Name=GPIO16
Added Pin To Net: NetName=GPIO17 Pin=JP1-6
Added Pin To Net: NetName=GPIO17 Pin=U2-28
Added Net: Name=GPIO17
Added Pin To Net: NetName=GPIO18 Pin=JP1-8
Added Pin To Net: NetName=GPIO18 Pin=U2-29
Added Net: Name=GPIO18
Added Pin To Net: NetName=GPIO19 Pin=JP1-10
Added Pin To Net: NetName=GPIO19 Pin=U2-30
Added Net: Name=GPIO19
Added Pin To Net: NetName=GPIO20 Pin=JP1-12
Added Pin To Net: NetName=GPIO20 Pin=U2-31
Added Net: Name=GPIO20
Added Pin To Net: NetName=GPIO21 Pin=JP1-14
Added Pin To Net: NetName=GPIO21 Pin=U2-32
Added Net: Name=GPIO21
Added Pin To Net: NetName=GPIO22 Pin=JP1-16
Added Pin To Net: NetName=GPIO22 Pin=U2-34
Added Net: Name=GPIO22
Added Pin To Net: NetName=GPIO23 Pin=JP1-18
Added Pin To Net: NetName=GPIO23 Pin=U2-35
Added Net: Name=GPIO23
Added Pin To Net: NetName=GPIO24 Pin=JP1-20
Added Pin To Net: NetName=GPIO24 Pin=U2-36
Added Net: Name=GPIO24
Added Pin To Net: NetName=GPIO25 Pin=JP1-22
Added Pin To Net: NetName=GPIO25 Pin=U2-37
Added Net: Name=GPIO25
Added Pin To Net: NetName=GPIO26 Pin=JP1-24
Added Pin To Net: NetName=GPIO26 Pin=U2-38
Added Net: Name=GPIO26
Added Pin To Net: NetName=GPIO27 Pin=JP1-26
Added Pin To Net: NetName=GPIO27 Pin=U2-39
Added Net: Name=GPIO27
Added Pin To Net: NetName=GPIO28 Pin=JP1-28
Added Pin To Net: NetName=GPIO28 Pin=U2-40
Added Net: Name=GPIO28
Added Pin To Net: NetName=GPIO29 Pin=JP1-30
Added Pin To Net: NetName=GPIO29 Pin=R5-1
Added Pin To Net: NetName=GPIO29 Pin=RG1-2
Added Pin To Net: NetName=GPIO29 Pin=U2-41
Added Net: Name=GPIO29
Added Pin To Net: NetName=IR_RX Pin=IR1-1
Added Net: Name=IR_RX
Added Pin To Net: NetName=IR_TX Pin=R11-2
Added Net: Name=IR_TX
Added Pin To Net: NetName=MPU_INT Pin=u8-12
Added Net: Name=MPU_INT
Added Pin To Net: NetName=NetC1_2 Pin=C1-2
Added Pin To Net: NetName=NetC1_2 Pin=C2-2
Added Pin To Net: NetName=NetC1_2 Pin=C3-2
Added Pin To Net: NetName=NetC1_2 Pin=U2-45
Added Pin To Net: NetName=NetC1_2 Pin=U2-50
Added Net: Name=NetC1_2
Added Pin To Net: NetName=NetC15_2 Pin=C15-2
Added Pin To Net: NetName=NetC15_2 Pin=K1-1
Added Pin To Net: NetName=NetC15_2 Pin=R3-1
Added Pin To Net: NetName=NetC15_2 Pin=U2-26
Added Net: Name=NetC15_2
Added Pin To Net: NetName=NetC18_2 Pin=C18-2
Added Pin To Net: NetName=NetC18_2 Pin=R7-1
Added Pin To Net: NetName=NetC18_2 Pin=U6-5
Added Net: Name=NetC18_2
Added Pin To Net: NetName=NetC19_2 Pin=C19-2
Added Pin To Net: NetName=NetC19_2 Pin=R12-1
Added Pin To Net: NetName=NetC19_2 Pin=U9-5
Added Net: Name=NetC19_2
Added Pin To Net: NetName=NetC20_2 Pin=C20-2
Added Pin To Net: NetName=NetC20_2 Pin=u8-20
Added Net: Name=NetC20_2
Added Pin To Net: NetName=NetC24_1 Pin=C24-1
Added Pin To Net: NetName=NetC24_1 Pin=u8-10
Added Net: Name=NetC24_1
Added Pin To Net: NetName=NetD1_A Pin=D1-A
Added Pin To Net: NetName=NetD1_A Pin=R11-1
Added Net: Name=NetD1_A
Added Pin To Net: NetName=NetK3_3 Pin=RP1-1
Added Net: Name=NetK3_3
Added Pin To Net: NetName=NetK4_3 Pin=RP1-2
Added Net: Name=NetK4_3
Added Pin To Net: NetName=NetK5_3 Pin=RP1-3
Added Net: Name=NetK5_3
Added Pin To Net: NetName=NetK6_3 Pin=RP1-4
Added Net: Name=NetK6_3
Added Pin To Net: NetName=NetLED1_2 Pin=LED1-2
Added Pin To Net: NetName=NetLED1_2 Pin=RP2-1
Added Net: Name=NetLED1_2
Added Pin To Net: NetName=NetLED2_2 Pin=LED2-2
Added Pin To Net: NetName=NetLED2_2 Pin=RP2-2
Added Net: Name=NetLED2_2
Added Pin To Net: NetName=NetLED3_2 Pin=LED3-2
Added Pin To Net: NetName=NetLED3_2 Pin=RP2-3
Added Net: Name=NetLED3_2
Added Pin To Net: NetName=NetLED4_2 Pin=LED4-2
Added Pin To Net: NetName=NetLED4_2 Pin=RP2-4
Added Net: Name=NetLED4_2
Added Pin To Net: NetName=NetLED5_1 Pin=LED5-1
Added Pin To Net: NetName=NetLED5_1 Pin=LED6-1
Added Pin To Net: NetName=NetLED5_1 Pin=R8-1
Added Net: Name=NetLED5_1
Added Pin To Net: NetName=NetLED5_2 Pin=LED5-2
Added Pin To Net: NetName=NetLED5_2 Pin=U7-6
Added Net: Name=NetLED5_2
Added Pin To Net: NetName=NetLED6_2 Pin=LED6-2
Added Pin To Net: NetName=NetLED6_2 Pin=U7-7
Added Net: Name=NetLED6_2
Added Pin To Net: NetName=NetQ1_D Pin=Q1-D
Added Pin To Net: NetName=NetQ1_D Pin=RP2-5
Added Pin To Net: NetName=NetQ1_D Pin=RP2-6
Added Pin To Net: NetName=NetQ1_D Pin=RP2-7
Added Pin To Net: NetName=NetQ1_D Pin=RP2-8
Added Net: Name=NetQ1_D
Added Pin To Net: NetName=NetR6_1 Pin=R6-1
Added Pin To Net: NetName=NetR6_1 Pin=U6-1
Added Net: Name=NetR6_1
Added Pin To Net: NetName=NetR9_2 Pin=R9-2
Added Pin To Net: NetName=NetR9_2 Pin=U7-2
Added Net: Name=NetR9_2
Added Pin To Net: NetName=NetR10_1 Pin=R10-1
Added Pin To Net: NetName=NetR10_1 Pin=U9-1
Added Net: Name=NetR10_1
Added Pin To Net: NetName=SCL Pin=U5-6
Added Pin To Net: NetName=SCL Pin=u8-23
Added Net: Name=SCL
Added Pin To Net: NetName=SDA Pin=U5-5
Added Pin To Net: NetName=SDA Pin=u8-24
Added Net: Name=SDA
Added Pin To Net: NetName=SWCLK Pin=U2-24
Added Net: Name=SWCLK
Added Pin To Net: NetName=SWDIO Pin=U2-25
Added Net: Name=SWDIO
Added Pin To Net: NetName=VCC Pin=C22-1
Added Pin To Net: NetName=VCC Pin=u8-13
Added Net: Name=VCC
Added Pin To Net: NetName=X1 Pin=C13-2
Added Pin To Net: NetName=X1 Pin=U2-21
Added Pin To Net: NetName=X1 Pin=X1-1
Added Net: Name=X1
Added Pin To Net: NetName=X2 Pin=C14-2
Added Pin To Net: NetName=X2 Pin=U2-20
Added Pin To Net: NetName=X2 Pin=X1-3
Added Net: Name=X2
Added Member To Class: ClassName=Sheet1 Member=Component BAT？ 18650两节电池盒
Added Member To Class: ClassName=Sheet1 Member=Component C1 0.1u
Added Member To Class: ClassName=Sheet1 Member=Component C2 1u
Added Member To Class: ClassName=Sheet1 Member=Component C3 0.1u
Added Member To Class: ClassName=Sheet1 Member=Component C4 1u
Added Member To Class: ClassName=Sheet1 Member=Component C5 0.1u
Added Member To Class: ClassName=Sheet1 Member=Component C6 0.1u
Added Member To Class: ClassName=Sheet1 Member=Component C7 0.1u
Added Member To Class: ClassName=Sheet1 Member=Component C8 0.1u
Added Member To Class: ClassName=Sheet1 Member=Component C10 0.1u
Added Member To Class: ClassName=Sheet1 Member=Component C11 0.1u
Added Member To Class: ClassName=Sheet1 Member=Component C12 10u
Added Member To Class: ClassName=Sheet1 Member=Component C13 20p
Added Member To Class: ClassName=Sheet1 Member=Component C14 20p
Added Member To Class: ClassName=Sheet1 Member=Component C15 0.1u
Added Member To Class: ClassName=Sheet1 Member=Component C16 0.1u
Added Member To Class: ClassName=Sheet1 Member=Component C17 0.1uF
Added Member To Class: ClassName=Sheet1 Member=Component C18 104
Added Member To Class: ClassName=Sheet1 Member=Component C19 10u
Added Member To Class: ClassName=Sheet1 Member=Component C20 2.2nF
Added Member To Class: ClassName=Sheet1 Member=Component C21 10u
Added Member To Class: ClassName=Sheet1 Member=Component C22 0.1uF
Added Member To Class: ClassName=Sheet1 Member=Component C23 0.1uF
Added Member To Class: ClassName=Sheet1 Member=Component C24 0.1uF
Added Member To Class: ClassName=Sheet1 Member=Component D1 LED
Added Member To Class: ClassName=Sheet1 Member=Component F1 FUSE
Added Member To Class: ClassName=Sheet1 Member=Component IR1 IRM-3638T
Added Member To Class: ClassName=Sheet1 Member=Component JP1 Header 2X11
Added Member To Class: ClassName=Sheet1 Member=Component K1 RUN
Added Member To Class: ClassName=Sheet1 Member=Component K2 BOOTSEL
Added Member To Class: ClassName=Sheet1 Member=Component K3 BOOTSEL
Added Member To Class: ClassName=Sheet1 Member=Component K4 BOOTSEL
Added Member To Class: ClassName=Sheet1 Member=Component K5 BOOTSEL
Added Member To Class: ClassName=Sheet1 Member=Component K6 BOOTSEL
Added Member To Class: ClassName=Sheet1 Member=Component LED1 红色
Added Member To Class: ClassName=Sheet1 Member=Component LED2 红色
Added Member To Class: ClassName=Sheet1 Member=Component LED3 红色
Added Member To Class: ClassName=Sheet1 Member=Component LED4 红色
Added Member To Class: ClassName=Sheet1 Member=Component LED5 绿色
Added Member To Class: ClassName=Sheet1 Member=Component LED6 红色
Added Member To Class: ClassName=Sheet1 Member=Component M1 ESP8266-12E&F
Added Member To Class: ClassName=Sheet1 Member=Component Q1 N-MOS
Added Member To Class: ClassName=Sheet1 Member=Component R2 27.4R
Added Member To Class: ClassName=Sheet1 Member=Component R3 27.4R
Added Member To Class: ClassName=Sheet1 Member=Component R4 10k
Added Member To Class: ClassName=Sheet1 Member=Component R5 27.4R
Added Member To Class: ClassName=Sheet1 Member=Component R6 1kR
Added Member To Class: ClassName=Sheet1 Member=Component R7 100
Added Member To Class: ClassName=Sheet1 Member=Component R8 27.4R
Added Member To Class: ClassName=Sheet1 Member=Component R9 1.1k
Added Member To Class: ClassName=Sheet1 Member=Component R10 27.4R
Added Member To Class: ClassName=Sheet1 Member=Component R11 27.4R
Added Member To Class: ClassName=Sheet1 Member=Component R12 100
Added Member To Class: ClassName=Sheet1 Member=Component RG1 Photoresistor
Added Member To Class: ClassName=Sheet1 Member=Component RP1 103
Added Member To Class: ClassName=Sheet1 Member=Component RP2 103
Added Member To Class: ClassName=Sheet1 Member=Component TP1 TestPoint
Added Member To Class: ClassName=Sheet1 Member=Component TP2 TestPoint
Added Member To Class: ClassName=Sheet1 Member=Component TYPEC1 TYPEC16P
Added Member To Class: ClassName=Sheet1 Member=Component U1 AMS1117
Added Member To Class: ClassName=Sheet1 Member=Component U3 W125Q128JV
Added Member To Class: ClassName=Sheet1 Member=Component U4 RT9013-33GB
Added Member To Class: ClassName=Sheet1 Member=Component U5 M24C64-WMN6TP
Added Member To Class: ClassName=Sheet1 Member=Component U6 DW06D
Added Member To Class: ClassName=Sheet1 Member=Component U7 TP4056
Added Member To Class: ClassName=Sheet1 Member=Component u8 MPU6050
Added Member To Class: ClassName=Sheet1 Member=Component U9 DW06D
Added Member To Class: ClassName=Sheet1 Member=Component X1 XTAL-4P
