Added Component: Designator=*(TSSOP20)
Added Component: Designator=BAT？(18650两节电池盒)
Added Component: Designator=C1(0603C)
Added Component: Designator=C2(0603C)
Added Component: Designator=C3(0603C)
Added Component: Designator=C4(0603C)
Added Component: Designator=C5(0603C)
Added Component: Designator=C6(0603C)
Added Component: Designator=C7(0603C)
Added Component: Designator=C8(0603C)
Added Component: Designator=C9(0603C)
Added Component: Designator=C10(0603C)
Added Component: Designator=C11(0603C)
Added Component: Designator=C12(0603C)
Added Component: Designator=C13(0603C)
Added Component: Designator=C14(0603C)
Added Component: Designator=C15(0603C)
Added Component: Designator=C16(0603C)
Added Component: Designator=C17(0603C)
Added Component: Designator=C18(0603C)
Added Component: Designator=C19(0603C)
Added Component: Designator=C20(0603C)
Added Component: Designator=C21(0603C)
Added Component: Designator=C22(0603C)
Added Component: Designator=C23(0603C)
Added Component: Designator=C25(1206C)
Added Component: Designator=C26(1206C)
Added Component: Designator=C27(1206C)
Added Component: Designator=C28(0603C)
Added Component: Designator=C29(0603C)
Added Component: Designator=C30(0603C)
Added Component: Designator=CON1(PJ342A)
Add component (AddParameter): Name = "BOM名称"; Value = "耳机插座"; VariantName = "[No Variations]"
Add component (AddParameter): Name = "学习资源"; Value = "www.ooocke.com"; VariantName = "[No Variations]"
Add component (AddParameter): Name = "版权归属"; Value = "源创客"; VariantName = "[No Variations]"
Added Component: Designator=D1(LED3-RED)
Added Component: Designator=D2(SMA/DO-214AC)
Added Component: Designator=DE1(DEBUG_B)
Add component (AddParameter): Name = "BOM名称"; Value = "调试断点焊盘"; VariantName = "[No Variations]"
Add component (AddParameter): Name = "学习资源"; Value = "www.ooocke.com"; VariantName = "[No Variations]"
Add component (AddParameter): Name = "版权归属"; Value = "源创客"; VariantName = "[No Variations]"
Added Component: Designator=DE2(DEBUG_B)
Add component (AddParameter): Name = "BOM名称"; Value = "调试断点焊盘"; VariantName = "[No Variations]"
Add component (AddParameter): Name = "学习资源"; Value = "www.ooocke.com"; VariantName = "[No Variations]"
Add component (AddParameter): Name = "版权归属"; Value = "源创客"; VariantName = "[No Variations]"
Added Component: Designator=E1(CM B(4*5.4))
Add component (AddParameter): Name = "BOM名称"; Value = "贴片电解电容"; VariantName = "[No Variations]"
Add component (AddParameter): Name = "学习资源"; Value = "www.ooocke.com"; VariantName = "[No Variations]"
Add component (AddParameter): Name = "版权归属"; Value = "源创客"; VariantName = "[No Variations]"
Added Component: Designator=F1(FUSE-1210)
Added Component: Designator=IR1(IRM-3638T)
Added Component: Designator=J1(Micro SD)
Add component (AddParameter): Name = "BOM名称"; Value = "TF卡座"; VariantName = "[No Variations]"
Add component (AddParameter): Name = "学习资源"; Value = "www.ooocke.com"; VariantName = "[No Variations]"
Add component (AddParameter): Name = "版权归属"; Value = "源创客"; VariantName = "[No Variations]"
Added Component: Designator=J2(Pin HDR1X3/2.54mm-S)
Added Component: Designator=JP1(贴片排针2*15)
Add component (AddParameter): Name = "BOM名称"; Value = "15*2P接插件"; VariantName = "[No Variations]"
Add component (AddParameter): Name = "学习资源"; Value = "www.ooocke.com"; VariantName = "[No Variations]"
Add component (AddParameter): Name = "版权归属"; Value = "源创客"; VariantName = "[No Variations]"
Added Component: Designator=JP2(HDR2.54-LI-3P)
Add component (AddParameter): Name = "BOM名称"; Value = "3P接插件"; VariantName = "[No Variations]"
Add component (AddParameter): Name = "学习资源"; Value = "www.ooocke.com"; VariantName = "[No Variations]"
Add component (AddParameter): Name = "版权归属"; Value = "源创客"; VariantName = "[No Variations]"
Added Component: Designator=K1(轻触按键)
Added Component: Designator=K2(轻触按键)
Added Component: Designator=K3(轻触按键)
Added Component: Designator=K4(轻触按键)
Added Component: Designator=K5(轻触按键)
Added Component: Designator=K6(轻触按键)
Added Component: Designator=LB1(FB 1206_L)
Add component (AddParameter): Name = "BOM名称"; Value = "磁珠"; VariantName = "[No Variations]"
Add component (AddParameter): Name = "学习资源"; Value = "www.ooocke.com"; VariantName = "[No Variations]"
Add component (AddParameter): Name = "版权归属"; Value = "源创客"; VariantName = "[No Variations]"
Added Component: Designator=LED1(LED 1206W)
Add component (AddParameter): Name = "BOM名称"; Value = "贴片LED"; VariantName = "[No Variations]"
Add component (AddParameter): Name = "学习资源"; Value = "www.ooocke.com"; VariantName = "[No Variations]"
Add component (AddParameter): Name = "版权归属"; Value = "源创客"; VariantName = "[No Variations]"
Added Component: Designator=LED2(LED 1206W)
Add component (AddParameter): Name = "BOM名称"; Value = "贴片LED"; VariantName = "[No Variations]"
Add component (AddParameter): Name = "学习资源"; Value = "www.ooocke.com"; VariantName = "[No Variations]"
Add component (AddParameter): Name = "版权归属"; Value = "源创客"; VariantName = "[No Variations]"
Added Component: Designator=LED3(LED 1206W)
Add component (AddParameter): Name = "BOM名称"; Value = "贴片LED"; VariantName = "[No Variations]"
Add component (AddParameter): Name = "学习资源"; Value = "www.ooocke.com"; VariantName = "[No Variations]"
Add component (AddParameter): Name = "版权归属"; Value = "源创客"; VariantName = "[No Variations]"
Added Component: Designator=LED4(LED 1206W)
Add component (AddParameter): Name = "BOM名称"; Value = "贴片LED"; VariantName = "[No Variations]"
Add component (AddParameter): Name = "学习资源"; Value = "www.ooocke.com"; VariantName = "[No Variations]"
Add component (AddParameter): Name = "版权归属"; Value = "源创客"; VariantName = "[No Variations]"
Added Component: Designator=LED5(LED 0603G)
Add component (AddParameter): Name = "BOM名称"; Value = "贴片LED"; VariantName = "[No Variations]"
Add component (AddParameter): Name = "学习资源"; Value = "www.ooocke.com"; VariantName = "[No Variations]"
Add component (AddParameter): Name = "版权归属"; Value = "源创客"; VariantName = "[No Variations]"
Added Component: Designator=LED6(LED 0603R)
Add component (AddParameter): Name = "BOM名称"; Value = "贴片LED"; VariantName = "[No Variations]"
Add component (AddParameter): Name = "学习资源"; Value = "www.ooocke.com"; VariantName = "[No Variations]"
Add component (AddParameter): Name = "版权归属"; Value = "源创客"; VariantName = "[No Variations]"
Added Component: Designator=LS1(BUZZER-7525)
Add component (AddParameter): Name = "BOM名称"; Value = "蜂鸣器"; VariantName = "[No Variations]"
Add component (AddParameter): Name = "学习资源"; Value = "www.ooocke.com"; VariantName = "[No Variations]"
Add component (AddParameter): Name = "版权归属"; Value = "源创客"; VariantName = "[No Variations]"
Added Component: Designator=Q1(SOT23)
Added Component: Designator=Q2(SOT23)
Added Component: Designator=Q3(SOT-23)
Add component (AddParameter): Name = "BOM名称"; Value = "高频放大-NPN型"; VariantName = "[No Variations]"
Add component (AddParameter): Name = "学习资源"; Value = "www.ooocke.com"; VariantName = "[No Variations]"
Add component (AddParameter): Name = "属性"; Value = "40V 1.5A 1W 100MHZ"; VariantName = "[No Variations]"
Add component (AddParameter): Name = "版权归属"; Value = "源创客"; VariantName = "[No Variations]"
Added Component: Designator=R1(0603R)
Added Component: Designator=R2(0603R)
Added Component: Designator=R3(0603R)
Added Component: Designator=R4(0603R)
Added Component: Designator=R5(0603R)
Added Component: Designator=R6(0603R)
Added Component: Designator=R7(0603R)
Added Component: Designator=R8(0603R)
Added Component: Designator=R9(0603R)
Added Component: Designator=R10(0603R)
Added Component: Designator=R11(0603R)
Added Component: Designator=R12(0603R)
Added Component: Designator=R13(0603R)
Added Component: Designator=R14(0603R)
Added Component: Designator=R15(R 0603_L)
Add component (AddParameter): Name = "BOM名称"; Value = "贴片电阻"; VariantName = "[No Variations]"
Add component (AddParameter): Name = "学习资源"; Value = "www.ooocke.com"; VariantName = "[No Variations]"
Add component (AddParameter): Name = "版权归属"; Value = "源创客"; VariantName = "[No Variations]"
Added Component: Designator=R16(R 0603_L)
Add component (AddParameter): Name = "BOM名称"; Value = "贴片电阻"; VariantName = "[No Variations]"
Add component (AddParameter): Name = "学习资源"; Value = "www.ooocke.com"; VariantName = "[No Variations]"
Add component (AddParameter): Name = "版权归属"; Value = "源创客"; VariantName = "[No Variations]"
Added Component: Designator=R17(0603R)
Added Component: Designator=R18(0603R)
Added Component: Designator=R19(0603R)
Added Component: Designator=R20(R 0603_L)
Add component (AddParameter): Name = "BOM名称"; Value = "贴片电阻"; VariantName = "[No Variations]"
Add component (AddParameter): Name = "学习资源"; Value = "www.ooocke.com"; VariantName = "[No Variations]"
Add component (AddParameter): Name = "版权归属"; Value = "源创客"; VariantName = "[No Variations]"
Added Component: Designator=R21(0603R)
Added Component: Designator=R22(0603R)
Added Component: Designator=RG1(Photoresistor)
Added Component: Designator=RP1(RCA-8P4R-0603)
Add component (AddParameter): Name = "BOM名称"; Value = "贴片网络排阻"; VariantName = "[No Variations]"
Add component (AddParameter): Name = "学习资源"; Value = "www.ooocke.com"; VariantName = "[No Variations]"
Add component (AddParameter): Name = "版权归属"; Value = "源创客"; VariantName = "[No Variations]"
Added Component: Designator=RP2(RCA-8P4R-0603)
Add component (AddParameter): Name = "BOM名称"; Value = "贴片网络排阻"; VariantName = "[No Variations]"
Add component (AddParameter): Name = "学习资源"; Value = "www.ooocke.com"; VariantName = "[No Variations]"
Add component (AddParameter): Name = "版权归属"; Value = "源创客"; VariantName = "[No Variations]"
Added Component: Designator=RP3(拨盘电位器)
Add component (AddParameter): Name = "BOM名称"; Value = "贴片电位器"; VariantName = "[No Variations]"
Add component (AddParameter): Name = "学习资源"; Value = "www.ooocke.com"; VariantName = "[No Variations]"
Add component (AddParameter): Name = "版权归属"; Value = "源创客"; VariantName = "[No Variations]"
Added Component: Designator=S1(MSK-12C01-07)
Add component (AddParameter): Name = "BOM名称"; Value = "波动开关"; VariantName = "[No Variations]"
Add component (AddParameter): Name = "学习资源"; Value = "www.ooocke.com"; VariantName = "[No Variations]"
Add component (AddParameter): Name = "版权归属"; Value = "源创客"; VariantName = "[No Variations]"
Added Component: Designator=TP1(TEST_POINT)
Added Component: Designator=TP2(TEST_POINT)
Added Component: Designator=TYPEC1(TYPEC-16P)
Added Component: Designator=U1(SOT89)
Added Component: Designator=U2(QFN-56)
Added Component: Designator=U3(SOIC-8-208mil)
Added Component: Designator=U5(SOP8)
Added Component: Designator=U6(SOT23-6)
Added Component: Designator=U7(ESOP8)
Added Component: Designator=u8(QFN24 4x4)
Added Component: Designator=U9(SOT23-6)
Added Component: Designator=U10(SOT23-5)
Added Component: Designator=X1(OSC 3225-4P)
Added Pin To Net: NetName=3V3A Pin=*-1
Added Pin To Net: NetName=Net*_2 Pin=*-2
Added Pin To Net: NetName=AGND Pin=*-3
Added Pin To Net: NetName=Net*_4 Pin=*-4
Added Pin To Net: NetName=Net*_5 Pin=*-5
Added Pin To Net: NetName=Net*_6 Pin=*-6
Added Pin To Net: NetName=Net*_7 Pin=*-7
Added Pin To Net: NetName=3V3A Pin=*-8
Added Pin To Net: NetName=AGND Pin=*-9
Added Pin To Net: NetName=AGND Pin=*-10
Added Pin To Net: NetName=AGND Pin=*-11
Added Pin To Net: NetName=AGND Pin=*-12
Added Pin To Net: NetName=GPIO24 Pin=*-13
Added Pin To Net: NetName=GPIO23 Pin=*-14
Added Pin To Net: NetName=GPIO25 Pin=*-15
Added Pin To Net: NetName=AGND Pin=*-16
Added Pin To Net: NetName=3V3A Pin=*-17
Added Pin To Net: NetName=Net*_18 Pin=*-18
Added Pin To Net: NetName=AGND Pin=*-19
Added Pin To Net: NetName=3V3A Pin=*-20
Added Pin To Net: NetName=BAT+ Pin=BAT？-1
Added Pin To Net: NetName=BAT+ Pin=BAT？-2
Added Pin To Net: NetName=B2- Pin=BAT？-3
Added Pin To Net: NetName=B1- Pin=BAT？-4
Added Pin To Net: NetName=GND Pin=C1-1
Added Pin To Net: NetName=NetC1_2 Pin=C1-2
Added Pin To Net: NetName=GND Pin=C2-1
Added Pin To Net: NetName=NetC1_2 Pin=C2-2
Added Pin To Net: NetName=GND Pin=C3-1
Added Pin To Net: NetName=NetC1_2 Pin=C3-2
Added Pin To Net: NetName=GND Pin=C4-1
Added Pin To Net: NetName=3V3 Pin=C4-2
Added Pin To Net: NetName=GND Pin=C5-1
Added Pin To Net: NetName=3V3 Pin=C5-2
Added Pin To Net: NetName=GND Pin=C6-1
Added Pin To Net: NetName=3V3 Pin=C6-2
Added Pin To Net: NetName=GND Pin=C7-1
Added Pin To Net: NetName=3V3 Pin=C7-2
Added Pin To Net: NetName=GND Pin=C8-1
Added Pin To Net: NetName=3V3 Pin=C8-2
Added Pin To Net: NetName=GND Pin=C9-1
Added Pin To Net: NetName=3V3 Pin=C9-2
Added Pin To Net: NetName=GND Pin=C10-1
Added Pin To Net: NetName=3V3 Pin=C10-2
Added Pin To Net: NetName=GND Pin=C11-1
Added Pin To Net: NetName=3V3 Pin=C11-2
Added Pin To Net: NetName=Net*_2 Pin=C12-1
Added Pin To Net: NetName=Net*_4 Pin=C12-2
Added Pin To Net: NetName=GND Pin=C13-1
Added Pin To Net: NetName=X1 Pin=C13-2
Added Pin To Net: NetName=GND Pin=C14-1
Added Pin To Net: NetName=X2 Pin=C14-2
Added Pin To Net: NetName=GND Pin=C15-1
Added Pin To Net: NetName=NetC15_2 Pin=C15-2
Added Pin To Net: NetName=3V3 Pin=C16-1
Added Pin To Net: NetName=GND Pin=C16-2
Added Pin To Net: NetName=GND Pin=C17-1
Added Pin To Net: NetName=3V3 Pin=C17-2
Added Pin To Net: NetName=B1- Pin=C18-1
Added Pin To Net: NetName=NetC18_2 Pin=C18-2
Added Pin To Net: NetName=B2- Pin=C19-1
Added Pin To Net: NetName=NetC19_2 Pin=C19-2
Added Pin To Net: NetName=GND Pin=C20-1
Added Pin To Net: NetName=3V3 Pin=C20-2
Added Pin To Net: NetName=+5 Pin=C21-1
Added Pin To Net: NetName=GND Pin=C21-2
Added Pin To Net: NetName=GND Pin=C22-1
Added Pin To Net: NetName=NetC22_2 Pin=C22-2
Added Pin To Net: NetName=GND Pin=C23-1
Added Pin To Net: NetName=NetC23_2 Pin=C23-2
Added Pin To Net: NetName=3V3A Pin=C25-1
Added Pin To Net: NetName=AGND Pin=C25-2
Added Pin To Net: NetName=3V3A Pin=C26-1
Added Pin To Net: NetName=AGND Pin=C26-2
Added Pin To Net: NetName=3V3A Pin=C27-1
Added Pin To Net: NetName=AGND Pin=C27-2
Added Pin To Net: NetName=Net*_18 Pin=C28-1
Added Pin To Net: NetName=AGND Pin=C28-2
Added Pin To Net: NetName=Net*_5 Pin=C29-1
Added Pin To Net: NetName=AGND Pin=C29-2
Added Pin To Net: NetName=3V3 Pin=C30-1
Added Pin To Net: NetName=GND Pin=C30-2
Added Pin To Net: NetName=AGND Pin=CON1-1
Added Pin To Net: NetName=AUDIO_R Pin=CON1-3
Added Pin To Net: NetName=AUDIO_L Pin=CON1-4
Added Pin To Net: NetName=NetD1_A Pin=D1-A
Added Pin To Net: NetName=GND Pin=D1-K
Added Pin To Net: NetName=+5 Pin=D2-A
Added Pin To Net: NetName=NetD2_K Pin=D2-K
Added Pin To Net: NetName=GPIO6 Pin=DE1-1
Added Pin To Net: NetName=GPIO6 Pin=DE1-1
Added Pin To Net: NetName=GPIO6 Pin=DE1-1
Added Pin To Net: NetName=SDA Pin=DE1-2
Added Pin To Net: NetName=SDA Pin=DE1-2
Added Pin To Net: NetName=SDA Pin=DE1-2
Added Pin To Net: NetName=GPIO7 Pin=DE2-1
Added Pin To Net: NetName=GPIO7 Pin=DE2-1
Added Pin To Net: NetName=GPIO7 Pin=DE2-1
Added Pin To Net: NetName=SCL Pin=DE2-2
Added Pin To Net: NetName=SCL Pin=DE2-2
Added Pin To Net: NetName=SCL Pin=DE2-2
Added Pin To Net: NetName=3V3A Pin=E1-1
Added Pin To Net: NetName=AGND Pin=E1-2
Added Pin To Net: NetName=BAT- Pin=F1-1
Added Pin To Net: NetName=GND Pin=F1-2
Added Pin To Net: NetName=GPIO8 Pin=IR1-1
Added Pin To Net: NetName=GND Pin=IR1-2
Added Pin To Net: NetName=3V3 Pin=IR1-3
Added Pin To Net: NetName=GPIO21 Pin=J1-1
Added Pin To Net: NetName=GPIO22 Pin=J1-2
Added Pin To Net: NetName=GPIO18 Pin=J1-3
Added Pin To Net: NetName=3V3 Pin=J1-4
Added Pin To Net: NetName=GPIO5 Pin=J1-5
Added Pin To Net: NetName=GND Pin=J1-6
Added Pin To Net: NetName=GPIO19 Pin=J1-7
Added Pin To Net: NetName=GPIO20 Pin=J1-8
Added Pin To Net: NetName=GND Pin=J2-1
Added Pin To Net: NetName=SDA Pin=J2-2
Added Pin To Net: NetName=SCL Pin=J2-3
Added Pin To Net: NetName=GPIO0 Pin=JP1-1
Added Pin To Net: NetName=GPIO15 Pin=JP1-2
Added Pin To Net: NetName=GPIO1 Pin=JP1-3
Added Pin To Net: NetName=GPIO16 Pin=JP1-4
Added Pin To Net: NetName=GPIO2 Pin=JP1-5
Added Pin To Net: NetName=GPIO17 Pin=JP1-6
Added Pin To Net: NetName=GPIO3 Pin=JP1-7
Added Pin To Net: NetName=GPIO18 Pin=JP1-8
Added Pin To Net: NetName=GPIO4 Pin=JP1-9
Added Pin To Net: NetName=GPIO19 Pin=JP1-10
Added Pin To Net: NetName=GPIO5 Pin=JP1-11
Added Pin To Net: NetName=GPIO20 Pin=JP1-12
Added Pin To Net: NetName=GPIO6 Pin=JP1-13
Added Pin To Net: NetName=GPIO21 Pin=JP1-14
Added Pin To Net: NetName=GPIO7 Pin=JP1-15
Added Pin To Net: NetName=GPIO22 Pin=JP1-16
Added Pin To Net: NetName=GPIO8 Pin=JP1-17
Added Pin To Net: NetName=GPIO23 Pin=JP1-18
Added Pin To Net: NetName=GPIO9 Pin=JP1-19
Added Pin To Net: NetName=GPIO24 Pin=JP1-20
Added Pin To Net: NetName=GPIO10 Pin=JP1-21
Added Pin To Net: NetName=GPIO25 Pin=JP1-22
Added Pin To Net: NetName=GPIO11 Pin=JP1-23
Added Pin To Net: NetName=GPIO26 Pin=JP1-24
Added Pin To Net: NetName=GPIO12 Pin=JP1-25
Added Pin To Net: NetName=GPIO27 Pin=JP1-26
Added Pin To Net: NetName=GPIO13 Pin=JP1-27
Added Pin To Net: NetName=GPIO28 Pin=JP1-28
Added Pin To Net: NetName=GPIO14 Pin=JP1-29
Added Pin To Net: NetName=GPIO29 Pin=JP1-30
Added Pin To Net: NetName=SWDIO Pin=JP2-1
Added Pin To Net: NetName=GND Pin=JP2-2
Added Pin To Net: NetName=SWCLK Pin=JP2-3
Added Pin To Net: NetName=NetC15_2 Pin=K1-1
Added Pin To Net: NetName=GND Pin=K1-2
Added Pin To Net: NetName=GND Pin=K2-1
Added Pin To Net: NetName=BOOTSEL Pin=K2-2
Added Pin To Net: NetName=GPIO1 Pin=K3-1
Added Pin To Net: NetName=NetK3_2 Pin=K3-2
Added Pin To Net: NetName=GPIO2 Pin=K4-1
Added Pin To Net: NetName=NetK4_2 Pin=K4-2
Added Pin To Net: NetName=GPIO3 Pin=K5-1
Added Pin To Net: NetName=NetK5_2 Pin=K5-2
Added Pin To Net: NetName=GPIO4 Pin=K6-1
Added Pin To Net: NetName=NetK6_2 Pin=K6-2
Added Pin To Net: NetName=AGND Pin=LB1-1
Added Pin To Net: NetName=GND Pin=LB1-2
Added Pin To Net: NetName=VSYS Pin=LED1-1
Added Pin To Net: NetName=NetLED1_2 Pin=LED1-2
Added Pin To Net: NetName=VSYS Pin=LED2-1
Added Pin To Net: NetName=NetLED2_2 Pin=LED2-2
Added Pin To Net: NetName=VSYS Pin=LED3-1
Added Pin To Net: NetName=NetLED3_2 Pin=LED3-2
Added Pin To Net: NetName=VSYS Pin=LED4-1
Added Pin To Net: NetName=NetLED4_2 Pin=LED4-2
Added Pin To Net: NetName=NetLED5_1 Pin=LED5-1
Added Pin To Net: NetName=NetLED5_2 Pin=LED5-2
Added Pin To Net: NetName=NetLED5_1 Pin=LED6-1
Added Pin To Net: NetName=NetLED6_2 Pin=LED6-2
Added Pin To Net: NetName=VSYS Pin=LS1-1
Added Pin To Net: NetName=NetLS1_2 Pin=LS1-2
Added Pin To Net: NetName=NetQ1_D Pin=Q1-D
Added Pin To Net: NetName=GPIO5 Pin=Q1-G
Added Pin To Net: NetName=GND Pin=Q1-S
Added Pin To Net: NetName=BAT+ Pin=Q2-D
Added Pin To Net: NetName=NetD2_K Pin=Q2-G
Added Pin To Net: NetName=NetD2_K Pin=Q2-S
Added Pin To Net: NetName=NetQ3_1 Pin=Q3-1
Added Pin To Net: NetName=GND Pin=Q3-2
Added Pin To Net: NetName=NetLS1_2 Pin=Q3-3
Added Pin To Net: NetName=NetR1_1 Pin=R1-1
Added Pin To Net: NetName=D_P Pin=R1-2
Added Pin To Net: NetName=NetR2_1 Pin=R2-1
Added Pin To Net: NetName=D_N Pin=R2-2
Added Pin To Net: NetName=NetC15_2 Pin=R3-1
Added Pin To Net: NetName=3V3 Pin=R3-2
Added Pin To Net: NetName=BOOTSEL Pin=R4-1
Added Pin To Net: NetName=QSPI_SS Pin=R4-2
Added Pin To Net: NetName=GPIO29 Pin=R5-1
Added Pin To Net: NetName=GND Pin=R5-2
Added Pin To Net: NetName=NetR6_1 Pin=R6-1
Added Pin To Net: NetName=BAT- Pin=R6-2
Added Pin To Net: NetName=NetC18_2 Pin=R7-1
Added Pin To Net: NetName=BAT+ Pin=R7-2
Added Pin To Net: NetName=NetLED5_1 Pin=R8-1
Added Pin To Net: NetName=+5 Pin=R8-2
Added Pin To Net: NetName=GND Pin=R9-1
Added Pin To Net: NetName=NetR9_2 Pin=R9-2
Added Pin To Net: NetName=NetR10_1 Pin=R10-1
Added Pin To Net: NetName=BAT- Pin=R10-2
Added Pin To Net: NetName=NetD1_A Pin=R11-1
Added Pin To Net: NetName=GPIO9 Pin=R11-2
Added Pin To Net: NetName=NetC19_2 Pin=R12-1
Added Pin To Net: NetName=BAT+ Pin=R12-2
Added Pin To Net: NetName=Net*_7 Pin=R13-1
Added Pin To Net: NetName=AUDIO_R Pin=R13-2
Added Pin To Net: NetName=Net*_6 Pin=R14-1
Added Pin To Net: NetName=AUDIO_L Pin=R14-2
Added Pin To Net: NetName=3V3 Pin=R15-1
Added Pin To Net: NetName=GPIO21 Pin=R15-2
Added Pin To Net: NetName=3V3 Pin=R16-1
Added Pin To Net: NetName=GPIO20 Pin=R16-2
Added Pin To Net: NetName=NetR17_1 Pin=R17-1
Added Pin To Net: NetName=GND Pin=R17-2
Added Pin To Net: NetName=GPIO7 Pin=R18-1
Added Pin To Net: NetName=NetQ3_1 Pin=R18-2
Added Pin To Net: NetName=GND Pin=R19-1
Added Pin To Net: NetName=NetQ3_1 Pin=R19-2
Added Pin To Net: NetName=3V3 Pin=R20-1
Added Pin To Net: NetName=GPIO28 Pin=R20-2
Added Pin To Net: NetName=GPIO28 Pin=R21-1
Added Pin To Net: NetName=GND Pin=R21-2
Added Pin To Net: NetName=QSPI_SS Pin=R22-1
Added Pin To Net: NetName=3V3 Pin=R22-2
Added Pin To Net: NetName=3V3 Pin=RG1-1
Added Pin To Net: NetName=GPIO29 Pin=RG1-2
Added Pin To Net: NetName=NetK3_2 Pin=RP1-1
Added Pin To Net: NetName=NetK4_2 Pin=RP1-2
Added Pin To Net: NetName=NetK5_2 Pin=RP1-3
Added Pin To Net: NetName=NetK6_2 Pin=RP1-4
Added Pin To Net: NetName=GND Pin=RP1-5
Added Pin To Net: NetName=GND Pin=RP1-6
Added Pin To Net: NetName=GND Pin=RP1-7
Added Pin To Net: NetName=GND Pin=RP1-8
Added Pin To Net: NetName=NetLED1_2 Pin=RP2-1
Added Pin To Net: NetName=NetLED2_2 Pin=RP2-2
Added Pin To Net: NetName=NetLED3_2 Pin=RP2-3
Added Pin To Net: NetName=NetLED4_2 Pin=RP2-4
Added Pin To Net: NetName=NetQ1_D Pin=RP2-5
Added Pin To Net: NetName=NetQ1_D Pin=RP2-6
Added Pin To Net: NetName=NetQ1_D Pin=RP2-7
Added Pin To Net: NetName=NetQ1_D Pin=RP2-8
Added Pin To Net: NetName=3V3 Pin=RP3-1
Added Pin To Net: NetName=GPIO27 Pin=RP3-2
Added Pin To Net: NetName=NetR17_1 Pin=RP3-3
Added Pin To Net: NetName=NetD2_K Pin=S1-2
Added Pin To Net: NetName=VSYS Pin=S1-3
Added Pin To Net: NetName=BAT+ Pin=TP1-1
Added Pin To Net: NetName=BAT- Pin=TP2-1
Added Pin To Net: NetName=GND Pin=TYPEC1-A1B12
Added Pin To Net: NetName=+5 Pin=TYPEC1-A4B9
Added Pin To Net: NetName=D_P Pin=TYPEC1-A6
Added Pin To Net: NetName=D_N Pin=TYPEC1-A7
Added Pin To Net: NetName=+5 Pin=TYPEC1-A9B4
Added Pin To Net: NetName=GND Pin=TYPEC1-A12B1
Added Pin To Net: NetName=D_P Pin=TYPEC1-B6
Added Pin To Net: NetName=D_N Pin=TYPEC1-B7
Added Pin To Net: NetName=GND Pin=U1-1
Added Pin To Net: NetName=3V3 Pin=U1-2
Added Pin To Net: NetName=3V3 Pin=U1-2
Added Pin To Net: NetName=VSYS Pin=U1-3
Added Pin To Net: NetName=3V3 Pin=U2-1
Added Pin To Net: NetName=GPIO0 Pin=U2-2
Added Pin To Net: NetName=GPIO1 Pin=U2-3
Added Pin To Net: NetName=GPIO2 Pin=U2-4
Added Pin To Net: NetName=GPIO3 Pin=U2-5
Added Pin To Net: NetName=GPIO4 Pin=U2-6
Added Pin To Net: NetName=GPIO5 Pin=U2-7
Added Pin To Net: NetName=GPIO6 Pin=U2-8
Added Pin To Net: NetName=GPIO7 Pin=U2-9
Added Pin To Net: NetName=3V3 Pin=U2-10
Added Pin To Net: NetName=GPIO8 Pin=U2-11
Added Pin To Net: NetName=GPIO9 Pin=U2-12
Added Pin To Net: NetName=GPIO10 Pin=U2-13
Added Pin To Net: NetName=GPIO11 Pin=U2-14
Added Pin To Net: NetName=GPIO12 Pin=U2-15
Added Pin To Net: NetName=GPIO13 Pin=U2-16
Added Pin To Net: NetName=GPIO14 Pin=U2-17
Added Pin To Net: NetName=GPIO15 Pin=U2-18
Added Pin To Net: NetName=GND Pin=U2-19
Added Pin To Net: NetName=X2 Pin=U2-20
Added Pin To Net: NetName=X1 Pin=U2-21
Added Pin To Net: NetName=3V3 Pin=U2-22
Added Pin To Net: NetName=3V3 Pin=U2-23
Added Pin To Net: NetName=SWCLK Pin=U2-24
Added Pin To Net: NetName=SWDIO Pin=U2-25
Added Pin To Net: NetName=NetC15_2 Pin=U2-26
Added Pin To Net: NetName=GPIO16 Pin=U2-27
Added Pin To Net: NetName=GPIO17 Pin=U2-28
Added Pin To Net: NetName=GPIO18 Pin=U2-29
Added Pin To Net: NetName=GPIO19 Pin=U2-30
Added Pin To Net: NetName=GPIO20 Pin=U2-31
Added Pin To Net: NetName=GPIO21 Pin=U2-32
Added Pin To Net: NetName=3V3 Pin=U2-33
Added Pin To Net: NetName=GPIO22 Pin=U2-34
Added Pin To Net: NetName=GPIO23 Pin=U2-35
Added Pin To Net: NetName=GPIO24 Pin=U2-36
Added Pin To Net: NetName=GPIO25 Pin=U2-37
Added Pin To Net: NetName=GPIO26 Pin=U2-38
Added Pin To Net: NetName=GPIO27 Pin=U2-39
Added Pin To Net: NetName=GPIO28 Pin=U2-40
Added Pin To Net: NetName=GPIO29 Pin=U2-41
Added Pin To Net: NetName=3V3 Pin=U2-42
Added Pin To Net: NetName=3V3 Pin=U2-43
Added Pin To Net: NetName=3V3 Pin=U2-44
Added Pin To Net: NetName=NetC1_2 Pin=U2-45
Added Pin To Net: NetName=NetR2_1 Pin=U2-46
Added Pin To Net: NetName=NetR1_1 Pin=U2-47
Added Pin To Net: NetName=3V3 Pin=U2-48
Added Pin To Net: NetName=3V3 Pin=U2-49
Added Pin To Net: NetName=NetC1_2 Pin=U2-50
Added Pin To Net: NetName=QSPI_SD3 Pin=U2-51
Added Pin To Net: NetName=QSPI_SCLK Pin=U2-52
Added Pin To Net: NetName=QSPI_SD0 Pin=U2-53
Added Pin To Net: NetName=QSPI_SD2 Pin=U2-54
Added Pin To Net: NetName=QSPI_SD1 Pin=U2-55
Added Pin To Net: NetName=QSPI_SS Pin=U2-56
Added Pin To Net: NetName=GND Pin=U2-57
Added Pin To Net: NetName=QSPI_SS Pin=U3-1
Added Pin To Net: NetName=QSPI_SD1 Pin=U3-2
Added Pin To Net: NetName=QSPI_SD2 Pin=U3-3
Added Pin To Net: NetName=GND Pin=U3-4
Added Pin To Net: NetName=QSPI_SD0 Pin=U3-5
Added Pin To Net: NetName=QSPI_SCLK Pin=U3-6
Added Pin To Net: NetName=QSPI_SD3 Pin=U3-7
Added Pin To Net: NetName=3V3 Pin=U3-8
Added Pin To Net: NetName=GND Pin=U5-1
Added Pin To Net: NetName=GND Pin=U5-2
Added Pin To Net: NetName=GND Pin=U5-3
Added Pin To Net: NetName=GND Pin=U5-4
Added Pin To Net: NetName=SDA Pin=U5-5
Added Pin To Net: NetName=SCL Pin=U5-6
Added Pin To Net: NetName=3V3 Pin=U5-8
Added Pin To Net: NetName=NetR6_1 Pin=U6-1
Added Pin To Net: NetName=BAT- Pin=U6-2
Added Pin To Net: NetName=B1- Pin=U6-3
Added Pin To Net: NetName=NetC18_2 Pin=U6-5
Added Pin To Net: NetName=B1- Pin=U6-6
Added Pin To Net: NetName=GND Pin=U7-1
Added Pin To Net: NetName=NetR9_2 Pin=U7-2
Added Pin To Net: NetName=GND Pin=U7-3
Added Pin To Net: NetName=+5 Pin=U7-4
Added Pin To Net: NetName=BAT+ Pin=U7-5
Added Pin To Net: NetName=NetLED5_2 Pin=U7-6
Added Pin To Net: NetName=NetLED6_2 Pin=U7-7
Added Pin To Net: NetName=+5 Pin=U7-8
Added Pin To Net: NetName=GND Pin=u8-1
Added Pin To Net: NetName=3V3 Pin=u8-8
Added Pin To Net: NetName=GND Pin=u8-9
Added Pin To Net: NetName=NetC23_2 Pin=u8-10
Added Pin To Net: NetName=GND Pin=u8-11
Added Pin To Net: NetName=GPIO11 Pin=u8-12
Added Pin To Net: NetName=3V3 Pin=u8-13
Added Pin To Net: NetName=GND Pin=u8-18
Added Pin To Net: NetName=NetC22_2 Pin=u8-20
Added Pin To Net: NetName=SCL Pin=u8-23
Added Pin To Net: NetName=SDA Pin=u8-24
Added Pin To Net: NetName=NetR10_1 Pin=U9-1
Added Pin To Net: NetName=BAT- Pin=U9-2
Added Pin To Net: NetName=B2- Pin=U9-3
Added Pin To Net: NetName=NetC19_2 Pin=U9-5
Added Pin To Net: NetName=B2- Pin=U9-6
Added Pin To Net: NetName=VSYS Pin=U10-1
Added Pin To Net: NetName=GND Pin=U10-2
Added Pin To Net: NetName=VSYS Pin=U10-3
Added Pin To Net: NetName=3V3A Pin=U10-5
Added Pin To Net: NetName=X1 Pin=X1-1
Added Pin To Net: NetName=GND Pin=X1-2
Added Pin To Net: NetName=X2 Pin=X1-3
Added Pin To Net: NetName=GND Pin=X1-4
Added Member To Class: ClassName=Sheet1 Member=Component * PCM5101A
Added Member To Class: ClassName=Sheet1 Member=Component BAT？ 18650两节电池盒
Added Member To Class: ClassName=Sheet1 Member=Component C1 0.1u
Added Member To Class: ClassName=Sheet1 Member=Component C2 1u
Added Member To Class: ClassName=Sheet1 Member=Component C3 0.1u
Added Member To Class: ClassName=Sheet1 Member=Component C4 1u
Added Member To Class: ClassName=Sheet1 Member=Component C5 0.1u
Added Member To Class: ClassName=Sheet1 Member=Component C6 0.1u
Added Member To Class: ClassName=Sheet1 Member=Component C7 0.1u
Added Member To Class: ClassName=Sheet1 Member=Component C8 0.1u
Added Member To Class: ClassName=Sheet1 Member=Component C9 0.1u
Added Member To Class: ClassName=Sheet1 Member=Component C10 0.1u
Added Member To Class: ClassName=Sheet1 Member=Component C11 0.1u
Added Member To Class: ClassName=Sheet1 Member=Component C12 2.2u
Added Member To Class: ClassName=Sheet1 Member=Component C13 20p
Added Member To Class: ClassName=Sheet1 Member=Component C14 20p
Added Member To Class: ClassName=Sheet1 Member=Component C15 0.1u
Added Member To Class: ClassName=Sheet1 Member=Component C16 0.1u
Added Member To Class: ClassName=Sheet1 Member=Component C17 0.1uF
Added Member To Class: ClassName=Sheet1 Member=Component C18 104
Added Member To Class: ClassName=Sheet1 Member=Component C19 10u
Added Member To Class: ClassName=Sheet1 Member=Component C20 0.1uF
Added Member To Class: ClassName=Sheet1 Member=Component C21 10u
Added Member To Class: ClassName=Sheet1 Member=Component C22 2.2nF
Added Member To Class: ClassName=Sheet1 Member=Component C23 0.1uF
Added Member To Class: ClassName=Sheet1 Member=Component C25 0.1u
Added Member To Class: ClassName=Sheet1 Member=Component C26 0.1u
Added Member To Class: ClassName=Sheet1 Member=Component C27 0.1u
Added Member To Class: ClassName=Sheet1 Member=Component C28 0.1u
Added Member To Class: ClassName=Sheet1 Member=Component C29 0.1u
Added Member To Class: ClassName=Sheet1 Member=Component C30 0.1uF
Added Member To Class: ClassName=Sheet1 Member=Component CON1 PJ342
Added Member To Class: ClassName=Sheet1 Member=Component D1 LED
Added Member To Class: ClassName=Sheet1 Member=Component D2 DIODE SCHOTTKY
Added Member To Class: ClassName=Sheet1 Member=Component DE1 DEBUG PAD
Added Member To Class: ClassName=Sheet1 Member=Component DE2 DEBUG PAD
Added Member To Class: ClassName=Sheet1 Member=Component E1 10uF/10V
Added Member To Class: ClassName=Sheet1 Member=Component F1 FUSE
Added Member To Class: ClassName=Sheet1 Member=Component IR1 IRM-3638T
Added Member To Class: ClassName=Sheet1 Member=Component J1 TF_Card
Added Member To Class: ClassName=Sheet1 Member=Component J2 I2C
Added Member To Class: ClassName=Sheet1 Member=Component JP1 Header 2X11
Added Member To Class: ClassName=Sheet1 Member=Component JP2 HDR-1X3
Added Member To Class: ClassName=Sheet1 Member=Component K1 RUN
Added Member To Class: ClassName=Sheet1 Member=Component K2 BOOTSEL
Added Member To Class: ClassName=Sheet1 Member=Component K3 IO1-0
Added Member To Class: ClassName=Sheet1 Member=Component K4 IO2-0
Added Member To Class: ClassName=Sheet1 Member=Component K5 IO3-0
Added Member To Class: ClassName=Sheet1 Member=Component K6 IO4-0
Added Member To Class: ClassName=Sheet1 Member=Component LB1 0R@100MHz
Added Member To Class: ClassName=Sheet1 Member=Component LED1 红色
Added Member To Class: ClassName=Sheet1 Member=Component LED2 红色
Added Member To Class: ClassName=Sheet1 Member=Component LED3 红色
Added Member To Class: ClassName=Sheet1 Member=Component LED4 红色
Added Member To Class: ClassName=Sheet1 Member=Component LED5 绿色
Added Member To Class: ClassName=Sheet1 Member=Component LED6 红色
Added Member To Class: ClassName=Sheet1 Member=Component LS1 DC5V
Added Member To Class: ClassName=Sheet1 Member=Component Q1 N-MOS
Added Member To Class: ClassName=Sheet1 Member=Component Q2 P-MOS
Added Member To Class: ClassName=Sheet1 Member=Component Q3 SS8050
Added Member To Class: ClassName=Sheet1 Member=Component R1 27.4R
Added Member To Class: ClassName=Sheet1 Member=Component R2 27.4R
Added Member To Class: ClassName=Sheet1 Member=Component R3 27.4R
Added Member To Class: ClassName=Sheet1 Member=Component R4 10k
Added Member To Class: ClassName=Sheet1 Member=Component R5 27.4R
Added Member To Class: ClassName=Sheet1 Member=Component R6 1kR
Added Member To Class: ClassName=Sheet1 Member=Component R7 100
Added Member To Class: ClassName=Sheet1 Member=Component R8 4.7k
Added Member To Class: ClassName=Sheet1 Member=Component R9 1.1k
Added Member To Class: ClassName=Sheet1 Member=Component R10 27.4R
Added Member To Class: ClassName=Sheet1 Member=Component R11 27.4R
Added Member To Class: ClassName=Sheet1 Member=Component R12 100
Added Member To Class: ClassName=Sheet1 Member=Component R13 27.4R
Added Member To Class: ClassName=Sheet1 Member=Component R14 27.4R
Added Member To Class: ClassName=Sheet1 Member=Component R15 1K
Added Member To Class: ClassName=Sheet1 Member=Component R16 1K
Added Member To Class: ClassName=Sheet1 Member=Component R17 27.4R
Added Member To Class: ClassName=Sheet1 Member=Component R18 27.4R
Added Member To Class: ClassName=Sheet1 Member=Component R19 27.4R
Added Member To Class: ClassName=Sheet1 Member=Component R20 NTC
Added Member To Class: ClassName=Sheet1 Member=Component R21 27.4R
Added Member To Class: ClassName=Sheet1 Member=Component R22 10k
Added Member To Class: ClassName=Sheet1 Member=Component RG1 Photoresistor
Added Member To Class: ClassName=Sheet1 Member=Component RP1 103
Added Member To Class: ClassName=Sheet1 Member=Component RP2 103
Added Member To Class: ClassName=Sheet1 Member=Component RP3 10K
Added Member To Class: ClassName=Sheet1 Member=Component S1 SS-12F23
Added Member To Class: ClassName=Sheet1 Member=Component TP1 TestPoint
Added Member To Class: ClassName=Sheet1 Member=Component TP2 TestPoint
Added Member To Class: ClassName=Sheet1 Member=Component TYPEC1 TYPEC16P
Added Member To Class: ClassName=Sheet1 Member=Component U1 AMS1117
Added Member To Class: ClassName=Sheet1 Member=Component U2 RP2040
Added Member To Class: ClassName=Sheet1 Member=Component U3 W125Q128JV
Added Member To Class: ClassName=Sheet1 Member=Component U5 M24C64-WMN6TP
Added Member To Class: ClassName=Sheet1 Member=Component U6 DW06D
Added Member To Class: ClassName=Sheet1 Member=Component U7 TP4056
Added Member To Class: ClassName=Sheet1 Member=Component u8 MPU6050
Added Member To Class: ClassName=Sheet1 Member=Component U9 DW06D
Added Member To Class: ClassName=Sheet1 Member=Component U10 RT9013-33GB
Added Member To Class: ClassName=Sheet1 Member=Component X1 XTAL-4P
